<?xml version="1.0" encoding="UTF-8"?>
<!-- Generated by org.testng.reporters.JUnitReportReporter -->
<testsuite hostname="TILLT09852" failures="0" tests="1" name="AppiumTest.AppiumTesting.eCommerce_tc_1" time="32.229" errors="0" timestamp="2024-01-07T09:34:02 IST" skipped="0">
  <testcase classname="AppiumTest.AppiumTesting.eCommerce_tc_1" name="FillForm" time="32.229"/>
  <system-out/>
</testsuite> <!-- AppiumTest.AppiumTesting.eCommerce_tc_1 -->
