<?xml version="1.0" encoding="UTF-8"?>
<!-- Generated by org.testng.reporters.JUnitReportReporter -->
<testsuite hostname="TILLT09852" failures="0" tests="1" name="AppiumTest.AppiumTesting.TestingRagini" time="2.166" errors="0" timestamp="2023-11-07T07:34:26 IST" skipped="0">
  <testcase classname="AppiumTest.AppiumTesting.TestingRagini" name="Test" time="2.166"/>
  <system-out/>
</testsuite> <!-- AppiumTest.AppiumTesting.TestingRagini -->
