<?xml version="1.0" encoding="UTF-8"?>
<!-- Generated by org.testng.reporters.JUnitReportReporter -->
<testsuite hostname="TILLT09852" failures="0" tests="2" name="AppiumTest.AppiumTesting.TestNGAnnotationsExample" time="0.012" errors="0" timestamp="2023-12-14T07:01:22 IST" skipped="0">
  <testcase classname="AppiumTest.AppiumTesting.TestNGAnnotationsExample" name="testMethod1" time="0.010"/>
  <system-out/>
  <testcase classname="AppiumTest.AppiumTesting.TestNGAnnotationsExample" name="testMethod3" time="0.002"/>
  <system-out/>
</testsuite> <!-- AppiumTest.AppiumTesting.TestNGAnnotationsExample -->
