<?xml version="1.0" encoding="UTF-8"?>
<!-- Generated by org.testng.reporters.JUnitReportReporter -->
<testsuite hostname="TILLT09852" failures="0" tests="1" name="AppiumTest.AppiumTesting.Drag" time="4.012" errors="0" timestamp="2024-02-02T01:47:37 IST" skipped="0">
  <testcase classname="AppiumTest.AppiumTesting.Drag" name="Test" time="4.012"/>
  <system-out/>
</testsuite> <!-- AppiumTest.AppiumTesting.Drag -->
