<?xml version="1.0" encoding="UTF-8"?>
<!-- Generated by org.testng.reporters.JUnitReportReporter -->
<testsuite hostname="TILLT09852" failures="0" tests="2" name="AppiumTest.AppiumTesting.TestNGAnnotationsExample" time="0.002" errors="0" timestamp="2023-12-14T19:09:52 IST" skipped="0">
  <testcase classname="AppiumTest.AppiumTesting.TestNGAnnotationsExample" name="testMethod3" time="0.001"/>
  <testcase classname="AppiumTest.AppiumTesting.TestNGAnnotationsExample" name="testMethod1" time="0.001"/>
</testsuite> <!-- AppiumTest.AppiumTesting.TestNGAnnotationsExample -->
